mode: atomic
github.com/mlange-42/ark/ecs/generate/main.go:24.13,35.29 2 0
github.com/mlange-42/ark/ecs/generate/main.go:35.29,37.17 2 0
github.com/mlange-42/ark/ecs/generate/main.go:37.17,38.14 1 0
github.com/mlange-42/ark/ecs/generate/main.go:41.3,43.17 3 0
github.com/mlange-42/ark/ecs/generate/main.go:43.17,44.14 1 0
github.com/mlange-42/ark/ecs/generate/main.go:46.3,46.50 1 0
github.com/mlange-42/ark/ecs/generate/main.go:50.36,52.19 2 0
github.com/mlange-42/ark/ecs/generate/main.go:52.19,54.3 1 0
github.com/mlange-42/ark/ecs/generate/main.go:55.2,55.10 1 0
github.com/mlange-42/ark/ecs/generate/main.go:58.35,60.25 2 0
github.com/mlange-42/ark/ecs/generate/main.go:60.25,62.3 1 0
github.com/mlange-42/ark/ecs/generate/main.go:63.2,63.16 1 0
github.com/mlange-42/ark/ecs/generate/main.go:66.35,68.25 2 0
github.com/mlange-42/ark/ecs/generate/main.go:68.25,70.3 1 0
github.com/mlange-42/ark/ecs/generate/main.go:71.2,71.16 1 0
github.com/mlange-42/ark/ecs/generate/main.go:74.41,76.27 2 0
github.com/mlange-42/ark/ecs/generate/main.go:76.27,78.3 1 0
github.com/mlange-42/ark/ecs/generate/main.go:79.2,79.24 1 0
github.com/mlange-42/ark/ecs/generate/main.go:82.60,84.2 1 0
github.com/mlange-42/ark/ecs/generate/main.go:86.70,88.29 2 0
github.com/mlange-42/ark/ecs/generate/main.go:88.29,90.3 1 0
github.com/mlange-42/ark/ecs/generate/main.go:91.2,91.32 1 0
github.com/mlange-42/ark/ecs/generate/main.go:94.31,96.23 2 0
github.com/mlange-42/ark/ecs/generate/main.go:96.23,97.12 1 0
github.com/mlange-42/ark/ecs/generate/main.go:97.12,99.4 1 0
github.com/mlange-42/ark/ecs/generate/main.go:100.3,100.21 1 0
github.com/mlange-42/ark/ecs/generate/main.go:102.2,102.19 1 0
github.com/mlange-42/ark/ecs/archetype.go:23.116,25.31 2 84
github.com/mlange-42/ark/ecs/archetype.go:25.31,27.3 1 21504
github.com/mlange-42/ark/ecs/archetype.go:28.2,28.32 1 84
github.com/mlange-42/ark/ecs/archetype.go:28.32,30.3 1 158
github.com/mlange-42/ark/ecs/archetype.go:32.2,35.32 4 84
github.com/mlange-42/ark/ecs/archetype.go:35.32,36.28 1 158
github.com/mlange-42/ark/ecs/archetype.go:36.28,40.4 3 7
github.com/mlange-42/ark/ecs/archetype.go:42.2,51.3 1 84
github.com/mlange-42/ark/ecs/archetype.go:54.41,56.2 1 499065
github.com/mlange-42/ark/ecs/archetype.go:58.87,59.24 1 497951
github.com/mlange-42/ark/ecs/archetype.go:59.24,61.3 1 51
github.com/mlange-42/ark/ecs/archetype.go:62.2,62.23 1 497900
github.com/mlange-42/ark/ecs/archetype.go:62.23,64.3 1 497794
github.com/mlange-42/ark/ecs/archetype.go:66.2,68.9 3 106
github.com/mlange-42/ark/ecs/archetype.go:68.9,70.3 1 5
github.com/mlange-42/ark/ecs/archetype.go:71.2,71.34 1 101
github.com/mlange-42/ark/ecs/archetype.go:71.34,73.36 2 120
github.com/mlange-42/ark/ecs/archetype.go:73.36,75.4 1 99
github.com/mlange-42/ark/ecs/archetype.go:77.2,77.19 1 2
github.com/mlange-42/ark/ecs/archetype.go:80.65,81.23 1 4
github.com/mlange-42/ark/ecs/archetype.go:81.23,83.3 1 0
github.com/mlange-42/ark/ecs/archetype.go:84.2,84.25 1 4
github.com/mlange-42/ark/ecs/archetype.go:84.25,86.3 1 1
github.com/mlange-42/ark/ecs/archetype.go:87.2,88.71 2 3
github.com/mlange-42/ark/ecs/archetype.go:88.71,90.3 1 3
github.com/mlange-42/ark/ecs/archetype.go:91.2,91.12 1 0
github.com/mlange-42/ark/ecs/archetype.go:94.52,95.28 1 58
github.com/mlange-42/ark/ecs/archetype.go:95.28,97.3 1 57
github.com/mlange-42/ark/ecs/archetype.go:98.2,103.20 4 1
github.com/mlange-42/ark/ecs/archetype.go:106.46,114.2 5 1
github.com/mlange-42/ark/ecs/archetype.go:116.44,118.23 2 58
github.com/mlange-42/ark/ecs/archetype.go:118.23,120.3 1 46
github.com/mlange-42/ark/ecs/archetype.go:122.2,122.27 1 12
github.com/mlange-42/ark/ecs/archetype.go:122.27,123.27 1 27
github.com/mlange-42/ark/ecs/archetype.go:123.27,124.12 1 9
github.com/mlange-42/ark/ecs/archetype.go:126.3,129.45 3 18
github.com/mlange-42/ark/ecs/archetype.go:129.45,131.4 1 5
github.com/mlange-42/ark/ecs/archetype.go:131.9,133.4 1 13
github.com/mlange-42/ark/ecs/archetype.go:137.49,138.34 1 1
github.com/mlange-42/ark/ecs/archetype.go:138.34,139.23 1 2
github.com/mlange-42/ark/ecs/archetype.go:139.23,140.12 1 1
github.com/mlange-42/ark/ecs/archetype.go:142.3,142.41 1 1
github.com/mlange-42/ark/ecs/checks.go:5.38,5.39 0 972825
github.com/mlange-42/ark/ecs/checks.go:7.37,7.38 0 2914330
github.com/mlange-42/ark/ecs/checks.go:9.67,9.68 0 497197
github.com/mlange-42/ark/ecs/column.go:17.57,28.2 3 269
github.com/mlange-42/ark/ecs/column.go:31.28,33.2 1 999924
github.com/mlange-42/ark/ecs/column.go:36.28,38.2 1 997806
github.com/mlange-42/ark/ecs/column.go:41.52,43.2 1 4907642
github.com/mlange-42/ark/ecs/column.go:46.68,50.2 3 498054
github.com/mlange-42/ark/ecs/column.go:53.34,56.2 2 499746
github.com/mlange-42/ark/ecs/column.go:58.40,64.2 5 3
github.com/mlange-42/ark/ecs/column.go:67.72,69.21 2 997884
github.com/mlange-42/ark/ecs/column.go:69.21,71.3 1 165
github.com/mlange-42/ark/ecs/column.go:73.2,74.12 2 997719
github.com/mlange-42/ark/ecs/column.go:79.65,83.32 3 995569
github.com/mlange-42/ark/ecs/column.go:83.32,87.3 3 992218
github.com/mlange-42/ark/ecs/column.go:88.2,89.17 2 995569
github.com/mlange-42/ark/ecs/column.go:89.17,91.3 1 498110
github.com/mlange-42/ark/ecs/column.go:92.2,92.16 1 995569
github.com/mlange-42/ark/ecs/column.go:98.36,101.21 3 997800
github.com/mlange-42/ark/ecs/column.go:101.21,103.3 1 997444
github.com/mlange-42/ark/ecs/column.go:104.2,104.21 1 356
github.com/mlange-42/ark/ecs/column.go:104.21,106.3 1 362
github.com/mlange-42/ark/ecs/column.go:107.2,110.27 4 356
github.com/mlange-42/ark/ecs/column.go:114.59,115.21 1 498110
github.com/mlange-42/ark/ecs/column.go:115.21,117.3 1 36
github.com/mlange-42/ark/ecs/column.go:118.2,119.41 2 498074
github.com/mlange-42/ark/ecs/column.go:123.68,125.15 2 2
github.com/mlange-42/ark/ecs/column.go:125.15,127.3 1 1
github.com/mlange-42/ark/ecs/column.go:128.2,129.26 2 1
github.com/mlange-42/ark/ecs/column.go:129.26,132.3 2 32
github.com/mlange-42/ark/ecs/column.go:135.45,137.16 2 3
github.com/mlange-42/ark/ecs/column.go:137.16,139.3 1 0
github.com/mlange-42/ark/ecs/column.go:140.2,141.17 2 3
github.com/mlange-42/ark/ecs/column.go:141.17,143.3 1 1
github.com/mlange-42/ark/ecs/column.go:144.2,144.15 1 2
github.com/mlange-42/ark/ecs/column.go:144.15,146.3 1 2
github.com/mlange-42/ark/ecs/column.go:146.8,148.3 1 0
github.com/mlange-42/ark/ecs/entity.go:16.36,18.2 1 8
github.com/mlange-42/ark/ecs/entity.go:21.31,23.2 1 35
github.com/mlange-42/ark/ecs/entity.go:26.35,28.2 1 1
github.com/mlange-42/ark/ecs/entity.go:30.66,37.2 3 33
github.com/mlange-42/ark/ecs/exchange_gen.go:18.54,26.2 2 1
github.com/mlange-42/ark/ecs/exchange_gen.go:29.67,31.31 2 1
github.com/mlange-42/ark/ecs/exchange_gen.go:31.31,33.3 1 2
github.com/mlange-42/ark/ecs/exchange_gen.go:34.2,35.11 2 1
github.com/mlange-42/ark/ecs/exchange_gen.go:40.77,45.2 2 1
github.com/mlange-42/ark/ecs/exchange_gen.go:58.64,67.2 2 0
github.com/mlange-42/ark/ecs/exchange_gen.go:70.73,72.31 2 0
github.com/mlange-42/ark/ecs/exchange_gen.go:72.31,74.3 1 0
github.com/mlange-42/ark/ecs/exchange_gen.go:75.2,76.11 2 0
github.com/mlange-42/ark/ecs/exchange_gen.go:81.86,87.2 2 0
github.com/mlange-42/ark/ecs/exchange_gen.go:100.74,110.2 2 0
github.com/mlange-42/ark/ecs/exchange_gen.go:113.79,115.31 2 0
github.com/mlange-42/ark/ecs/exchange_gen.go:115.31,117.3 1 0
github.com/mlange-42/ark/ecs/exchange_gen.go:118.2,119.11 2 0
github.com/mlange-42/ark/ecs/exchange_gen.go:124.95,131.2 2 0
github.com/mlange-42/ark/ecs/exchange_gen.go:144.84,155.2 2 0
github.com/mlange-42/ark/ecs/exchange_gen.go:158.85,160.31 2 0
github.com/mlange-42/ark/ecs/exchange_gen.go:160.31,162.3 1 0
github.com/mlange-42/ark/ecs/exchange_gen.go:163.2,164.11 2 0
github.com/mlange-42/ark/ecs/exchange_gen.go:169.104,177.2 2 0
github.com/mlange-42/ark/ecs/exchange_gen.go:190.94,202.2 2 0
github.com/mlange-42/ark/ecs/exchange_gen.go:205.91,207.31 2 0
github.com/mlange-42/ark/ecs/exchange_gen.go:207.31,209.3 1 0
github.com/mlange-42/ark/ecs/exchange_gen.go:210.2,211.11 2 0
github.com/mlange-42/ark/ecs/exchange_gen.go:216.113,225.2 2 0
github.com/mlange-42/ark/ecs/exchange_gen.go:238.104,251.2 2 0
github.com/mlange-42/ark/ecs/exchange_gen.go:254.97,256.31 2 0
github.com/mlange-42/ark/ecs/exchange_gen.go:256.31,258.3 1 0
github.com/mlange-42/ark/ecs/exchange_gen.go:259.2,260.11 2 0
github.com/mlange-42/ark/ecs/exchange_gen.go:265.122,275.2 2 0
github.com/mlange-42/ark/ecs/exchange_gen.go:288.114,302.2 2 0
github.com/mlange-42/ark/ecs/exchange_gen.go:305.103,307.31 2 0
github.com/mlange-42/ark/ecs/exchange_gen.go:307.31,309.3 1 0
github.com/mlange-42/ark/ecs/exchange_gen.go:310.2,311.11 2 0
github.com/mlange-42/ark/ecs/exchange_gen.go:316.131,327.2 2 0
github.com/mlange-42/ark/ecs/exchange_gen.go:340.124,355.2 2 0
github.com/mlange-42/ark/ecs/exchange_gen.go:358.109,360.31 2 0
github.com/mlange-42/ark/ecs/exchange_gen.go:360.31,362.3 1 0
github.com/mlange-42/ark/ecs/exchange_gen.go:363.2,364.11 2 0
github.com/mlange-42/ark/ecs/exchange_gen.go:369.140,381.2 2 0
github.com/mlange-42/ark/ecs/filter_gen.go:17.40,25.2 2 1
github.com/mlange-42/ark/ecs/filter_gen.go:28.48,29.26 1 0
github.com/mlange-42/ark/ecs/filter_gen.go:29.26,32.3 2 0
github.com/mlange-42/ark/ecs/filter_gen.go:33.2,33.10 1 0
github.com/mlange-42/ark/ecs/filter_gen.go:37.51,38.26 1 0
github.com/mlange-42/ark/ecs/filter_gen.go:38.26,41.3 2 0
github.com/mlange-42/ark/ecs/filter_gen.go:42.2,42.10 1 0
github.com/mlange-42/ark/ecs/filter_gen.go:47.40,50.2 2 0
github.com/mlange-42/ark/ecs/filter_gen.go:54.54,57.2 2 2
github.com/mlange-42/ark/ecs/filter_gen.go:60.53,67.2 2 0
github.com/mlange-42/ark/ecs/filter_gen.go:81.50,91.2 2 1003
github.com/mlange-42/ark/ecs/filter_gen.go:94.54,95.26 1 0
github.com/mlange-42/ark/ecs/filter_gen.go:95.26,98.3 2 0
github.com/mlange-42/ark/ecs/filter_gen.go:99.2,99.10 1 0
github.com/mlange-42/ark/ecs/filter_gen.go:103.57,104.26 1 1
github.com/mlange-42/ark/ecs/filter_gen.go:104.26,107.3 2 1
github.com/mlange-42/ark/ecs/filter_gen.go:108.2,108.10 1 1
github.com/mlange-42/ark/ecs/filter_gen.go:113.46,116.2 2 1
github.com/mlange-42/ark/ecs/filter_gen.go:120.60,123.2 2 1003
github.com/mlange-42/ark/ecs/filter_gen.go:126.56,133.2 2 0
github.com/mlange-42/ark/ecs/filter_gen.go:147.60,158.2 2 11
github.com/mlange-42/ark/ecs/filter_gen.go:161.60,162.26 1 1
github.com/mlange-42/ark/ecs/filter_gen.go:162.26,165.3 2 1
github.com/mlange-42/ark/ecs/filter_gen.go:166.2,166.10 1 1
github.com/mlange-42/ark/ecs/filter_gen.go:170.63,171.26 1 2
github.com/mlange-42/ark/ecs/filter_gen.go:171.26,174.3 2 2
github.com/mlange-42/ark/ecs/filter_gen.go:175.2,175.10 1 2
github.com/mlange-42/ark/ecs/filter_gen.go:180.52,183.2 2 2
github.com/mlange-42/ark/ecs/filter_gen.go:187.66,190.2 2 13
github.com/mlange-42/ark/ecs/filter_gen.go:193.59,200.2 2 0
github.com/mlange-42/ark/ecs/filter_gen.go:214.70,226.2 2 4
github.com/mlange-42/ark/ecs/filter_gen.go:229.66,230.26 1 0
github.com/mlange-42/ark/ecs/filter_gen.go:230.26,233.3 2 0
github.com/mlange-42/ark/ecs/filter_gen.go:234.2,234.10 1 0
github.com/mlange-42/ark/ecs/filter_gen.go:238.69,239.26 1 1
github.com/mlange-42/ark/ecs/filter_gen.go:239.26,242.3 2 1
github.com/mlange-42/ark/ecs/filter_gen.go:243.2,243.10 1 1
github.com/mlange-42/ark/ecs/filter_gen.go:248.58,251.2 2 1
github.com/mlange-42/ark/ecs/filter_gen.go:255.72,258.2 2 6
github.com/mlange-42/ark/ecs/filter_gen.go:261.62,268.2 2 0
github.com/mlange-42/ark/ecs/filter_gen.go:282.80,295.2 2 3
github.com/mlange-42/ark/ecs/filter_gen.go:298.72,299.26 1 0
github.com/mlange-42/ark/ecs/filter_gen.go:299.26,302.3 2 0
github.com/mlange-42/ark/ecs/filter_gen.go:303.2,303.10 1 0
github.com/mlange-42/ark/ecs/filter_gen.go:307.75,308.26 1 1
github.com/mlange-42/ark/ecs/filter_gen.go:308.26,311.3 2 1
github.com/mlange-42/ark/ecs/filter_gen.go:312.2,312.10 1 1
github.com/mlange-42/ark/ecs/filter_gen.go:317.64,320.2 2 1
github.com/mlange-42/ark/ecs/filter_gen.go:324.78,327.2 2 3
github.com/mlange-42/ark/ecs/filter_gen.go:330.65,337.2 2 0
github.com/mlange-42/ark/ecs/filter_gen.go:351.90,365.2 2 3
github.com/mlange-42/ark/ecs/filter_gen.go:368.78,369.26 1 0
github.com/mlange-42/ark/ecs/filter_gen.go:369.26,372.3 2 0
github.com/mlange-42/ark/ecs/filter_gen.go:373.2,373.10 1 0
github.com/mlange-42/ark/ecs/filter_gen.go:377.81,378.26 1 1
github.com/mlange-42/ark/ecs/filter_gen.go:378.26,381.3 2 1
github.com/mlange-42/ark/ecs/filter_gen.go:382.2,382.10 1 1
github.com/mlange-42/ark/ecs/filter_gen.go:387.70,390.2 2 1
github.com/mlange-42/ark/ecs/filter_gen.go:394.84,397.2 2 3
github.com/mlange-42/ark/ecs/filter_gen.go:400.68,407.2 2 0
github.com/mlange-42/ark/ecs/filter_gen.go:421.100,436.2 2 3
github.com/mlange-42/ark/ecs/filter_gen.go:439.84,440.26 1 0
github.com/mlange-42/ark/ecs/filter_gen.go:440.26,443.3 2 0
github.com/mlange-42/ark/ecs/filter_gen.go:444.2,444.10 1 0
github.com/mlange-42/ark/ecs/filter_gen.go:448.87,449.26 1 1
github.com/mlange-42/ark/ecs/filter_gen.go:449.26,452.3 2 1
github.com/mlange-42/ark/ecs/filter_gen.go:453.2,453.10 1 1
github.com/mlange-42/ark/ecs/filter_gen.go:458.76,461.2 2 1
github.com/mlange-42/ark/ecs/filter_gen.go:465.90,468.2 2 3
github.com/mlange-42/ark/ecs/filter_gen.go:471.71,478.2 2 0
github.com/mlange-42/ark/ecs/filter_gen.go:492.110,508.2 2 3
github.com/mlange-42/ark/ecs/filter_gen.go:511.90,512.26 1 0
github.com/mlange-42/ark/ecs/filter_gen.go:512.26,515.3 2 0
github.com/mlange-42/ark/ecs/filter_gen.go:516.2,516.10 1 0
github.com/mlange-42/ark/ecs/filter_gen.go:520.93,521.26 1 1
github.com/mlange-42/ark/ecs/filter_gen.go:521.26,524.3 2 1
github.com/mlange-42/ark/ecs/filter_gen.go:525.2,525.10 1 1
github.com/mlange-42/ark/ecs/filter_gen.go:530.82,533.2 2 1
github.com/mlange-42/ark/ecs/filter_gen.go:537.96,540.2 2 3
github.com/mlange-42/ark/ecs/filter_gen.go:543.74,550.2 2 0
github.com/mlange-42/ark/ecs/filter_gen.go:564.120,581.2 2 3
github.com/mlange-42/ark/ecs/filter_gen.go:584.96,585.26 1 0
github.com/mlange-42/ark/ecs/filter_gen.go:585.26,588.3 2 0
github.com/mlange-42/ark/ecs/filter_gen.go:589.2,589.10 1 0
github.com/mlange-42/ark/ecs/filter_gen.go:593.99,594.26 1 1
github.com/mlange-42/ark/ecs/filter_gen.go:594.26,597.3 2 1
github.com/mlange-42/ark/ecs/filter_gen.go:598.2,598.10 1 1
github.com/mlange-42/ark/ecs/filter_gen.go:603.88,606.2 2 1
github.com/mlange-42/ark/ecs/filter_gen.go:610.102,613.2 2 3
github.com/mlange-42/ark/ecs/filter_gen.go:616.77,623.2 2 0
github.com/mlange-42/ark/ecs/functions.go:16.38,19.2 2 1237
github.com/mlange-42/ark/ecs/functions.go:28.22,30.2 1 12
github.com/mlange-42/ark/ecs/functions.go:36.40,39.2 2 3
github.com/mlange-42/ark/ecs/lock.go:12.29,16.2 3 1041
github.com/mlange-42/ark/ecs/lock.go:19.32,20.26 1 1042
github.com/mlange-42/ark/ecs/lock.go:20.26,21.79 1 1
github.com/mlange-42/ark/ecs/lock.go:23.2,24.22 2 1041
github.com/mlange-42/ark/ecs/lock.go:28.32,30.2 1 995280
github.com/mlange-42/ark/ecs/lock.go:33.24,36.2 2 0
github.com/mlange-42/ark/ecs/map.go:14.37,21.2 2 29
github.com/mlange-42/ark/ecs/map.go:24.59,27.2 2 497171
github.com/mlange-42/ark/ecs/map.go:30.40,31.28 1 497171
github.com/mlange-42/ark/ecs/map.go:31.28,32.50 1 0
github.com/mlange-42/ark/ecs/map.go:34.2,34.31 1 497171
github.com/mlange-42/ark/ecs/map.go:40.49,44.2 3 497171
github.com/mlange-42/ark/ecs/map.go:47.42,48.28 1 4
github.com/mlange-42/ark/ecs/map.go:48.28,49.50 1 0
github.com/mlange-42/ark/ecs/map.go:51.2,51.31 1 4
github.com/mlange-42/ark/ecs/map.go:57.51,60.2 2 4
github.com/mlange-42/ark/ecs/map.go:63.61,64.28 1 153
github.com/mlange-42/ark/ecs/map.go:64.28,65.50 1 0
github.com/mlange-42/ark/ecs/map.go:67.2,68.96 2 153
github.com/mlange-42/ark/ecs/map.go:72.40,73.28 1 81
github.com/mlange-42/ark/ecs/map.go:73.28,74.55 1 0
github.com/mlange-42/ark/ecs/map.go:76.2,76.53 1 81
github.com/mlange-42/ark/ecs/map.go:80.60,83.2 2 33
github.com/mlange-42/ark/ecs/map.go:86.52,88.2 1 99
github.com/mlange-42/ark/ecs/maps_gen.go:16.43,25.2 2 2
github.com/mlange-42/ark/ecs/maps_gen.go:28.64,33.2 2 30
github.com/mlange-42/ark/ecs/maps_gen.go:36.67,41.2 2 0
github.com/mlange-42/ark/ecs/maps_gen.go:45.93,48.15 3 0
github.com/mlange-42/ark/ecs/maps_gen.go:48.15,50.3 1 0
github.com/mlange-42/ark/ecs/maps_gen.go:52.2,55.23 3 0
github.com/mlange-42/ark/ecs/maps_gen.go:55.23,61.3 2 0
github.com/mlange-42/ark/ecs/maps_gen.go:65.41,66.28 1 0
github.com/mlange-42/ark/ecs/maps_gen.go:66.28,67.49 1 0
github.com/mlange-42/ark/ecs/maps_gen.go:69.2,69.31 1 0
github.com/mlange-42/ark/ecs/maps_gen.go:75.50,81.2 4 0
github.com/mlange-42/ark/ecs/maps_gen.go:84.46,85.28 1 0
github.com/mlange-42/ark/ecs/maps_gen.go:85.28,86.51 1 0
github.com/mlange-42/ark/ecs/maps_gen.go:88.2,89.47 2 0
github.com/mlange-42/ark/ecs/maps_gen.go:93.66,94.28 1 1
github.com/mlange-42/ark/ecs/maps_gen.go:94.28,95.49 1 0
github.com/mlange-42/ark/ecs/maps_gen.go:97.2,100.17 2 1
github.com/mlange-42/ark/ecs/maps_gen.go:104.41,105.28 1 0
github.com/mlange-42/ark/ecs/maps_gen.go:105.28,106.54 1 0
github.com/mlange-42/ark/ecs/maps_gen.go:108.2,108.48 1 0
github.com/mlange-42/ark/ecs/maps_gen.go:112.69,113.28 1 0
github.com/mlange-42/ark/ecs/maps_gen.go:113.28,114.54 1 0
github.com/mlange-42/ark/ecs/maps_gen.go:116.2,117.43 2 0
github.com/mlange-42/ark/ecs/maps_gen.go:130.53,141.2 2 10
github.com/mlange-42/ark/ecs/maps_gen.go:144.73,150.2 2 200
github.com/mlange-42/ark/ecs/maps_gen.go:153.76,159.2 2 1
github.com/mlange-42/ark/ecs/maps_gen.go:163.102,166.15 3 1
github.com/mlange-42/ark/ecs/maps_gen.go:166.15,168.3 1 0
github.com/mlange-42/ark/ecs/maps_gen.go:170.2,174.23 4 1
github.com/mlange-42/ark/ecs/maps_gen.go:174.23,181.3 2 24
github.com/mlange-42/ark/ecs/maps_gen.go:185.50,186.28 1 13
github.com/mlange-42/ark/ecs/maps_gen.go:186.28,187.49 1 0
github.com/mlange-42/ark/ecs/maps_gen.go:189.2,189.31 1 13
github.com/mlange-42/ark/ecs/maps_gen.go:195.59,203.2 5 13
github.com/mlange-42/ark/ecs/maps_gen.go:206.49,207.28 1 24
github.com/mlange-42/ark/ecs/maps_gen.go:207.28,208.51 1 0
github.com/mlange-42/ark/ecs/maps_gen.go:210.2,212.41 2 24
github.com/mlange-42/ark/ecs/maps_gen.go:216.75,217.28 1 22
github.com/mlange-42/ark/ecs/maps_gen.go:217.28,218.49 1 0
github.com/mlange-42/ark/ecs/maps_gen.go:220.2,224.17 2 22
github.com/mlange-42/ark/ecs/maps_gen.go:228.44,229.28 1 12
github.com/mlange-42/ark/ecs/maps_gen.go:229.28,230.54 1 0
github.com/mlange-42/ark/ecs/maps_gen.go:232.2,232.48 1 12
github.com/mlange-42/ark/ecs/maps_gen.go:236.72,237.28 1 0
github.com/mlange-42/ark/ecs/maps_gen.go:237.28,238.54 1 0
github.com/mlange-42/ark/ecs/maps_gen.go:240.2,241.43 2 0
github.com/mlange-42/ark/ecs/maps_gen.go:255.63,268.2 2 3
github.com/mlange-42/ark/ecs/maps_gen.go:271.82,278.2 2 80
github.com/mlange-42/ark/ecs/maps_gen.go:281.85,288.2 2 0
github.com/mlange-42/ark/ecs/maps_gen.go:292.111,295.15 3 0
github.com/mlange-42/ark/ecs/maps_gen.go:295.15,297.3 1 0
github.com/mlange-42/ark/ecs/maps_gen.go:299.2,304.23 5 0
github.com/mlange-42/ark/ecs/maps_gen.go:304.23,312.3 2 0
github.com/mlange-42/ark/ecs/maps_gen.go:316.57,317.28 1 0
github.com/mlange-42/ark/ecs/maps_gen.go:317.28,318.49 1 0
github.com/mlange-42/ark/ecs/maps_gen.go:320.2,320.31 1 0
github.com/mlange-42/ark/ecs/maps_gen.go:326.66,336.2 6 0
github.com/mlange-42/ark/ecs/maps_gen.go:339.52,340.28 1 20
github.com/mlange-42/ark/ecs/maps_gen.go:340.28,341.51 1 0
github.com/mlange-42/ark/ecs/maps_gen.go:343.2,346.41 2 20
github.com/mlange-42/ark/ecs/maps_gen.go:350.84,351.28 1 0
github.com/mlange-42/ark/ecs/maps_gen.go:351.28,352.49 1 0
github.com/mlange-42/ark/ecs/maps_gen.go:354.2,359.17 2 0
github.com/mlange-42/ark/ecs/maps_gen.go:363.47,364.28 1 0
github.com/mlange-42/ark/ecs/maps_gen.go:364.28,365.54 1 0
github.com/mlange-42/ark/ecs/maps_gen.go:367.2,367.48 1 0
github.com/mlange-42/ark/ecs/maps_gen.go:371.75,372.28 1 0
github.com/mlange-42/ark/ecs/maps_gen.go:372.28,373.54 1 0
github.com/mlange-42/ark/ecs/maps_gen.go:375.2,376.43 2 0
github.com/mlange-42/ark/ecs/maps_gen.go:391.73,406.2 2 2
github.com/mlange-42/ark/ecs/maps_gen.go:409.91,417.2 2 40
github.com/mlange-42/ark/ecs/maps_gen.go:420.94,428.2 2 0
github.com/mlange-42/ark/ecs/maps_gen.go:432.120,435.15 3 0
github.com/mlange-42/ark/ecs/maps_gen.go:435.15,437.3 1 0
github.com/mlange-42/ark/ecs/maps_gen.go:439.2,445.23 6 0
github.com/mlange-42/ark/ecs/maps_gen.go:445.23,454.3 2 0
github.com/mlange-42/ark/ecs/maps_gen.go:458.64,459.28 1 0
github.com/mlange-42/ark/ecs/maps_gen.go:459.28,460.49 1 0
github.com/mlange-42/ark/ecs/maps_gen.go:462.2,462.31 1 0
github.com/mlange-42/ark/ecs/maps_gen.go:468.73,480.2 7 0
github.com/mlange-42/ark/ecs/maps_gen.go:483.55,484.28 1 20
github.com/mlange-42/ark/ecs/maps_gen.go:484.28,485.51 1 0
github.com/mlange-42/ark/ecs/maps_gen.go:487.2,491.41 2 20
github.com/mlange-42/ark/ecs/maps_gen.go:495.93,496.28 1 0
github.com/mlange-42/ark/ecs/maps_gen.go:496.28,497.49 1 0
github.com/mlange-42/ark/ecs/maps_gen.go:499.2,505.17 2 0
github.com/mlange-42/ark/ecs/maps_gen.go:509.50,510.28 1 0
github.com/mlange-42/ark/ecs/maps_gen.go:510.28,511.54 1 0
github.com/mlange-42/ark/ecs/maps_gen.go:513.2,513.48 1 0
github.com/mlange-42/ark/ecs/maps_gen.go:517.78,518.28 1 0
github.com/mlange-42/ark/ecs/maps_gen.go:518.28,519.54 1 0
github.com/mlange-42/ark/ecs/maps_gen.go:521.2,522.43 2 0
github.com/mlange-42/ark/ecs/maps_gen.go:538.83,555.2 2 1
github.com/mlange-42/ark/ecs/maps_gen.go:558.100,567.2 2 30
github.com/mlange-42/ark/ecs/maps_gen.go:570.103,579.2 2 0
github.com/mlange-42/ark/ecs/maps_gen.go:583.129,586.15 3 0
github.com/mlange-42/ark/ecs/maps_gen.go:586.15,588.3 1 0
github.com/mlange-42/ark/ecs/maps_gen.go:590.2,597.23 7 0
github.com/mlange-42/ark/ecs/maps_gen.go:597.23,607.3 2 0
github.com/mlange-42/ark/ecs/maps_gen.go:611.71,612.28 1 0
github.com/mlange-42/ark/ecs/maps_gen.go:612.28,613.49 1 0
github.com/mlange-42/ark/ecs/maps_gen.go:615.2,615.31 1 0
github.com/mlange-42/ark/ecs/maps_gen.go:621.80,635.2 8 0
github.com/mlange-42/ark/ecs/maps_gen.go:638.58,639.28 1 0
github.com/mlange-42/ark/ecs/maps_gen.go:639.28,640.51 1 0
github.com/mlange-42/ark/ecs/maps_gen.go:642.2,647.41 2 0
github.com/mlange-42/ark/ecs/maps_gen.go:651.102,652.28 1 0
github.com/mlange-42/ark/ecs/maps_gen.go:652.28,653.49 1 0
github.com/mlange-42/ark/ecs/maps_gen.go:655.2,662.17 2 0
github.com/mlange-42/ark/ecs/maps_gen.go:666.53,667.28 1 0
github.com/mlange-42/ark/ecs/maps_gen.go:667.28,668.54 1 0
github.com/mlange-42/ark/ecs/maps_gen.go:670.2,670.48 1 0
github.com/mlange-42/ark/ecs/maps_gen.go:674.81,675.28 1 0
github.com/mlange-42/ark/ecs/maps_gen.go:675.28,676.54 1 0
github.com/mlange-42/ark/ecs/maps_gen.go:678.2,679.43 2 0
github.com/mlange-42/ark/ecs/maps_gen.go:696.93,715.2 2 1
github.com/mlange-42/ark/ecs/maps_gen.go:718.109,728.2 2 30
github.com/mlange-42/ark/ecs/maps_gen.go:731.112,741.2 2 0
github.com/mlange-42/ark/ecs/maps_gen.go:745.138,748.15 3 0
github.com/mlange-42/ark/ecs/maps_gen.go:748.15,750.3 1 0
github.com/mlange-42/ark/ecs/maps_gen.go:752.2,760.23 8 0
github.com/mlange-42/ark/ecs/maps_gen.go:760.23,771.3 2 0
github.com/mlange-42/ark/ecs/maps_gen.go:775.78,776.28 1 0
github.com/mlange-42/ark/ecs/maps_gen.go:776.28,777.49 1 0
github.com/mlange-42/ark/ecs/maps_gen.go:779.2,779.31 1 0
github.com/mlange-42/ark/ecs/maps_gen.go:785.87,801.2 9 0
github.com/mlange-42/ark/ecs/maps_gen.go:804.61,805.28 1 0
github.com/mlange-42/ark/ecs/maps_gen.go:805.28,806.51 1 0
github.com/mlange-42/ark/ecs/maps_gen.go:808.2,814.41 2 0
github.com/mlange-42/ark/ecs/maps_gen.go:818.111,819.28 1 0
github.com/mlange-42/ark/ecs/maps_gen.go:819.28,820.49 1 0
github.com/mlange-42/ark/ecs/maps_gen.go:822.2,830.17 2 0
github.com/mlange-42/ark/ecs/maps_gen.go:834.56,835.28 1 0
github.com/mlange-42/ark/ecs/maps_gen.go:835.28,836.54 1 0
github.com/mlange-42/ark/ecs/maps_gen.go:838.2,838.48 1 0
github.com/mlange-42/ark/ecs/maps_gen.go:842.84,843.28 1 0
github.com/mlange-42/ark/ecs/maps_gen.go:843.28,844.54 1 0
github.com/mlange-42/ark/ecs/maps_gen.go:846.2,847.43 2 0
github.com/mlange-42/ark/ecs/maps_gen.go:865.103,886.2 2 1
github.com/mlange-42/ark/ecs/maps_gen.go:889.118,900.2 2 30
github.com/mlange-42/ark/ecs/maps_gen.go:903.121,914.2 2 0
github.com/mlange-42/ark/ecs/maps_gen.go:918.147,921.15 3 0
github.com/mlange-42/ark/ecs/maps_gen.go:921.15,923.3 1 0
github.com/mlange-42/ark/ecs/maps_gen.go:925.2,934.23 9 0
github.com/mlange-42/ark/ecs/maps_gen.go:934.23,946.3 2 0
github.com/mlange-42/ark/ecs/maps_gen.go:950.85,951.28 1 0
github.com/mlange-42/ark/ecs/maps_gen.go:951.28,952.49 1 0
github.com/mlange-42/ark/ecs/maps_gen.go:954.2,954.31 1 0
github.com/mlange-42/ark/ecs/maps_gen.go:960.94,978.2 10 0
github.com/mlange-42/ark/ecs/maps_gen.go:981.64,982.28 1 0
github.com/mlange-42/ark/ecs/maps_gen.go:982.28,983.51 1 0
github.com/mlange-42/ark/ecs/maps_gen.go:985.2,992.41 2 0
github.com/mlange-42/ark/ecs/maps_gen.go:996.120,997.28 1 0
github.com/mlange-42/ark/ecs/maps_gen.go:997.28,998.49 1 0
github.com/mlange-42/ark/ecs/maps_gen.go:1000.2,1009.17 2 0
github.com/mlange-42/ark/ecs/maps_gen.go:1013.59,1014.28 1 0
github.com/mlange-42/ark/ecs/maps_gen.go:1014.28,1015.54 1 0
github.com/mlange-42/ark/ecs/maps_gen.go:1017.2,1017.48 1 0
github.com/mlange-42/ark/ecs/maps_gen.go:1021.87,1022.28 1 0
github.com/mlange-42/ark/ecs/maps_gen.go:1022.28,1023.54 1 0
github.com/mlange-42/ark/ecs/maps_gen.go:1025.2,1026.43 2 0
github.com/mlange-42/ark/ecs/maps_gen.go:1045.113,1068.2 2 1
github.com/mlange-42/ark/ecs/maps_gen.go:1071.127,1083.2 2 30
github.com/mlange-42/ark/ecs/maps_gen.go:1086.130,1098.2 2 0
github.com/mlange-42/ark/ecs/maps_gen.go:1102.156,1105.15 3 0
github.com/mlange-42/ark/ecs/maps_gen.go:1105.15,1107.3 1 0
github.com/mlange-42/ark/ecs/maps_gen.go:1109.2,1119.23 10 0
github.com/mlange-42/ark/ecs/maps_gen.go:1119.23,1132.3 2 0
github.com/mlange-42/ark/ecs/maps_gen.go:1136.92,1137.28 1 0
github.com/mlange-42/ark/ecs/maps_gen.go:1137.28,1138.49 1 0
github.com/mlange-42/ark/ecs/maps_gen.go:1140.2,1140.31 1 0
github.com/mlange-42/ark/ecs/maps_gen.go:1146.101,1166.2 11 0
github.com/mlange-42/ark/ecs/maps_gen.go:1169.67,1170.28 1 0
github.com/mlange-42/ark/ecs/maps_gen.go:1170.28,1171.51 1 0
github.com/mlange-42/ark/ecs/maps_gen.go:1173.2,1181.41 2 0
github.com/mlange-42/ark/ecs/maps_gen.go:1185.129,1186.28 1 0
github.com/mlange-42/ark/ecs/maps_gen.go:1186.28,1187.49 1 0
github.com/mlange-42/ark/ecs/maps_gen.go:1189.2,1199.17 2 0
github.com/mlange-42/ark/ecs/maps_gen.go:1203.62,1204.28 1 0
github.com/mlange-42/ark/ecs/maps_gen.go:1204.28,1205.54 1 0
github.com/mlange-42/ark/ecs/maps_gen.go:1207.2,1207.48 1 0
github.com/mlange-42/ark/ecs/maps_gen.go:1211.90,1212.28 1 0
github.com/mlange-42/ark/ecs/maps_gen.go:1212.28,1213.54 1 0
github.com/mlange-42/ark/ecs/maps_gen.go:1215.2,1216.43 2 0
github.com/mlange-42/ark/ecs/mask.go:26.40,28.2 1 0
github.com/mlange-42/ark/ecs/mask.go:34.26,36.25 2 498956
github.com/mlange-42/ark/ecs/mask.go:36.25,38.3 1 500232
github.com/mlange-42/ark/ecs/mask.go:39.2,39.13 1 498956
github.com/mlange-42/ark/ecs/mask.go:43.33,48.2 4 3119
github.com/mlange-42/ark/ecs/mask.go:51.40,54.11 3 502994
github.com/mlange-42/ark/ecs/mask.go:54.11,56.3 1 501842
github.com/mlange-42/ark/ecs/mask.go:56.8,58.3 1 1152
github.com/mlange-42/ark/ecs/mask.go:62.27,66.2 1 9
github.com/mlange-42/ark/ecs/mask.go:69.30,71.2 1 996319
github.com/mlange-42/ark/ecs/mask.go:74.24,76.2 1 1
github.com/mlange-42/ark/ecs/mask.go:79.43,84.2 1 2137
github.com/mlange-42/ark/ecs/mask.go:87.46,92.2 1 1074
github.com/mlange-42/ark/ecs/mask.go:95.38,104.2 1 1
github.com/mlange-42/ark/ecs/mask.go:107.37,116.2 1 1
github.com/mlange-42/ark/ecs/mask.go:119.38,128.2 1 1
github.com/mlange-42/ark/ecs/mask.go:131.35,133.2 1 568
github.com/mlange-42/ark/ecs/mask.go:136.41,138.2 1 996061
github.com/mlange-42/ark/ecs/mask.go:140.44,149.28 7 53
github.com/mlange-42/ark/ecs/mask.go:149.28,150.21 1 53
github.com/mlange-42/ark/ecs/mask.go:150.21,151.12 1 1
github.com/mlange-42/ark/ecs/mask.go:153.3,154.18 2 52
github.com/mlange-42/ark/ecs/mask.go:154.18,156.4 1 52
github.com/mlange-42/ark/ecs/mask.go:157.3,157.28 1 52
github.com/mlange-42/ark/ecs/mask.go:157.28,159.17 2 207
github.com/mlange-42/ark/ecs/mask.go:159.17,162.5 2 160
github.com/mlange-42/ark/ecs/mask.go:165.2,165.14 1 53
github.com/mlange-42/ark/ecs/pool.go:20.72,23.26 2 36
github.com/mlange-42/ark/ecs/pool.go:23.26,25.3 1 72
github.com/mlange-42/ark/ecs/pool.go:26.2,32.3 1 36
github.com/mlange-42/ark/ecs/pool.go:36.35,37.22 1 499832
github.com/mlange-42/ark/ecs/pool.go:37.22,39.3 1 5112
github.com/mlange-42/ark/ecs/pool.go:40.2,43.25 4 494720
github.com/mlange-42/ark/ecs/pool.go:47.38,52.2 4 5112
github.com/mlange-42/ark/ecs/pool.go:55.40,56.23 1 498867
github.com/mlange-42/ark/ecs/pool.go:56.23,57.58 1 2
github.com/mlange-42/ark/ecs/pool.go:59.2,61.15 3 498865
github.com/mlange-42/ark/ecs/pool.go:65.30,69.2 3 32
github.com/mlange-42/ark/ecs/pool.go:72.43,74.2 1 1001583
github.com/mlange-42/ark/ecs/pool.go:77.32,79.2 1 32
github.com/mlange-42/ark/ecs/pool.go:82.32,84.2 1 0
github.com/mlange-42/ark/ecs/pool.go:87.37,89.2 1 0
github.com/mlange-42/ark/ecs/pool.go:92.38,94.2 1 32
github.com/mlange-42/ark/ecs/pool.go:107.31,108.22 1 1576
github.com/mlange-42/ark/ecs/pool.go:108.22,110.3 1 535
github.com/mlange-42/ark/ecs/pool.go:111.2,114.21 4 1041
github.com/mlange-42/ark/ecs/pool.go:118.34,119.31 1 535
github.com/mlange-42/ark/ecs/pool.go:119.31,122.95 1 3
github.com/mlange-42/ark/ecs/pool.go:124.2,127.10 4 532
github.com/mlange-42/ark/ecs/pool.go:131.36,134.2 2 1061
github.com/mlange-42/ark/ecs/pool.go:137.27,141.2 3 1
github.com/mlange-42/ark/ecs/query_gen.go:27.86,45.2 2 2
github.com/mlange-42/ark/ecs/query_gen.go:48.30,50.47 2 102
github.com/mlange-42/ark/ecs/query_gen.go:50.47,53.3 2 99
github.com/mlange-42/ark/ecs/query_gen.go:54.2,54.33 1 3
github.com/mlange-42/ark/ecs/query_gen.go:58.34,61.2 2 100
github.com/mlange-42/ark/ecs/query_gen.go:64.24,67.2 2 0
github.com/mlange-42/ark/ecs/query_gen.go:73.26,79.2 5 2
github.com/mlange-42/ark/ecs/query_gen.go:81.46,82.46 1 3
github.com/mlange-42/ark/ecs/query_gen.go:82.46,84.3 1 0
github.com/mlange-42/ark/ecs/query_gen.go:85.2,85.26 1 3
github.com/mlange-42/ark/ecs/query_gen.go:88.39,90.40 2 3
github.com/mlange-42/ark/ecs/query_gen.go:90.40,94.43 3 4
github.com/mlange-42/ark/ecs/query_gen.go:94.43,95.12 1 0
github.com/mlange-42/ark/ecs/query_gen.go:98.3,98.32 1 4
github.com/mlange-42/ark/ecs/query_gen.go:98.32,100.23 2 4
github.com/mlange-42/ark/ecs/query_gen.go:100.23,103.5 2 1
github.com/mlange-42/ark/ecs/query_gen.go:104.4,104.12 1 3
github.com/mlange-42/ark/ecs/query_gen.go:107.3,109.20 3 0
github.com/mlange-42/ark/ecs/query_gen.go:109.20,111.4 1 0
github.com/mlange-42/ark/ecs/query_gen.go:113.2,113.29 1 2
github.com/mlange-42/ark/ecs/query_gen.go:113.29,114.70 1 0
github.com/mlange-42/ark/ecs/query_gen.go:116.2,117.14 2 2
github.com/mlange-42/ark/ecs/query_gen.go:120.35,122.37 2 1
github.com/mlange-42/ark/ecs/query_gen.go:122.37,125.23 3 0
github.com/mlange-42/ark/ecs/query_gen.go:125.23,126.12 1 0
github.com/mlange-42/ark/ecs/query_gen.go:128.3,128.34 1 0
github.com/mlange-42/ark/ecs/query_gen.go:128.34,129.12 1 0
github.com/mlange-42/ark/ecs/query_gen.go:131.3,132.14 2 0
github.com/mlange-42/ark/ecs/query_gen.go:134.2,134.14 1 1
github.com/mlange-42/ark/ecs/query_gen.go:137.52,142.2 4 1
github.com/mlange-42/ark/ecs/query_gen.go:160.106,162.19 2 1003
github.com/mlange-42/ark/ecs/query_gen.go:162.19,164.3 1 1003
github.com/mlange-42/ark/ecs/query_gen.go:166.2,180.3 1 1003
github.com/mlange-42/ark/ecs/query_gen.go:184.33,186.47 2 972143
github.com/mlange-42/ark/ecs/query_gen.go:186.47,189.3 2 970136
github.com/mlange-42/ark/ecs/query_gen.go:190.2,190.33 1 2007
github.com/mlange-42/ark/ecs/query_gen.go:194.37,197.2 2 1942240
github.com/mlange-42/ark/ecs/query_gen.go:200.30,203.2 2 971140
github.com/mlange-42/ark/ecs/query_gen.go:209.29,216.2 6 1003
github.com/mlange-42/ark/ecs/query_gen.go:218.49,219.46 1 2007
github.com/mlange-42/ark/ecs/query_gen.go:219.46,221.3 1 0
github.com/mlange-42/ark/ecs/query_gen.go:222.2,222.26 1 2007
github.com/mlange-42/ark/ecs/query_gen.go:225.42,227.40 2 2007
github.com/mlange-42/ark/ecs/query_gen.go:227.40,231.43 3 2009
github.com/mlange-42/ark/ecs/query_gen.go:231.43,232.12 1 1005
github.com/mlange-42/ark/ecs/query_gen.go:235.3,235.32 1 1004
github.com/mlange-42/ark/ecs/query_gen.go:235.32,237.23 2 1004
github.com/mlange-42/ark/ecs/query_gen.go:237.23,240.5 2 1004
github.com/mlange-42/ark/ecs/query_gen.go:241.4,241.12 1 0
github.com/mlange-42/ark/ecs/query_gen.go:244.3,246.20 3 0
github.com/mlange-42/ark/ecs/query_gen.go:246.20,248.4 1 0
github.com/mlange-42/ark/ecs/query_gen.go:250.2,250.29 1 1003
github.com/mlange-42/ark/ecs/query_gen.go:250.29,251.70 1 0
github.com/mlange-42/ark/ecs/query_gen.go:253.2,254.14 2 1003
github.com/mlange-42/ark/ecs/query_gen.go:257.38,259.37 2 1004
github.com/mlange-42/ark/ecs/query_gen.go:259.37,262.23 3 0
github.com/mlange-42/ark/ecs/query_gen.go:262.23,263.12 1 0
github.com/mlange-42/ark/ecs/query_gen.go:265.3,265.34 1 0
github.com/mlange-42/ark/ecs/query_gen.go:265.34,266.12 1 0
github.com/mlange-42/ark/ecs/query_gen.go:268.3,269.14 2 0
github.com/mlange-42/ark/ecs/query_gen.go:271.2,271.14 1 1004
github.com/mlange-42/ark/ecs/query_gen.go:274.55,280.2 5 1004
github.com/mlange-42/ark/ecs/query_gen.go:299.116,301.19 2 13
github.com/mlange-42/ark/ecs/query_gen.go:301.19,303.3 1 26
github.com/mlange-42/ark/ecs/query_gen.go:305.2,319.3 1 13
github.com/mlange-42/ark/ecs/query_gen.go:323.36,325.47 2 249
github.com/mlange-42/ark/ecs/query_gen.go:325.47,328.3 2 218
github.com/mlange-42/ark/ecs/query_gen.go:329.2,329.33 1 31
github.com/mlange-42/ark/ecs/query_gen.go:333.40,336.2 2 164
github.com/mlange-42/ark/ecs/query_gen.go:339.39,343.2 2 206
github.com/mlange-42/ark/ecs/query_gen.go:349.32,357.2 7 13
github.com/mlange-42/ark/ecs/query_gen.go:359.52,360.46 1 31
github.com/mlange-42/ark/ecs/query_gen.go:360.46,362.3 1 0
github.com/mlange-42/ark/ecs/query_gen.go:363.2,363.26 1 31
github.com/mlange-42/ark/ecs/query_gen.go:366.45,368.40 2 31
github.com/mlange-42/ark/ecs/query_gen.go:368.40,372.43 3 44
github.com/mlange-42/ark/ecs/query_gen.go:372.43,373.12 1 26
github.com/mlange-42/ark/ecs/query_gen.go:376.3,376.32 1 16
github.com/mlange-42/ark/ecs/query_gen.go:376.32,378.23 2 15
github.com/mlange-42/ark/ecs/query_gen.go:378.23,381.5 2 15
github.com/mlange-42/ark/ecs/query_gen.go:382.4,382.12 1 0
github.com/mlange-42/ark/ecs/query_gen.go:385.3,387.20 3 1
github.com/mlange-42/ark/ecs/query_gen.go:387.20,389.4 1 1
github.com/mlange-42/ark/ecs/query_gen.go:391.2,391.29 1 13
github.com/mlange-42/ark/ecs/query_gen.go:391.29,392.70 1 0
github.com/mlange-42/ark/ecs/query_gen.go:394.2,395.14 2 13
github.com/mlange-42/ark/ecs/query_gen.go:398.41,400.37 2 17
github.com/mlange-42/ark/ecs/query_gen.go:400.37,403.23 3 1
github.com/mlange-42/ark/ecs/query_gen.go:403.23,404.12 1 0
github.com/mlange-42/ark/ecs/query_gen.go:406.3,406.34 1 1
github.com/mlange-42/ark/ecs/query_gen.go:406.34,407.12 1 0
github.com/mlange-42/ark/ecs/query_gen.go:409.3,410.14 2 1
github.com/mlange-42/ark/ecs/query_gen.go:412.2,412.14 1 16
github.com/mlange-42/ark/ecs/query_gen.go:415.58,422.2 6 16
github.com/mlange-42/ark/ecs/query_gen.go:442.126,444.19 2 6
github.com/mlange-42/ark/ecs/query_gen.go:444.19,446.3 1 18
github.com/mlange-42/ark/ecs/query_gen.go:448.2,462.3 1 6
github.com/mlange-42/ark/ecs/query_gen.go:466.39,468.47 2 116
github.com/mlange-42/ark/ecs/query_gen.go:468.47,471.3 2 99
github.com/mlange-42/ark/ecs/query_gen.go:472.2,472.33 1 17
github.com/mlange-42/ark/ecs/query_gen.go:476.43,479.2 2 40
github.com/mlange-42/ark/ecs/query_gen.go:482.46,487.2 2 40
github.com/mlange-42/ark/ecs/query_gen.go:493.35,502.2 8 6
github.com/mlange-42/ark/ecs/query_gen.go:504.55,505.46 1 17
github.com/mlange-42/ark/ecs/query_gen.go:505.46,507.3 1 4
github.com/mlange-42/ark/ecs/query_gen.go:508.2,508.26 1 13
github.com/mlange-42/ark/ecs/query_gen.go:511.48,513.40 2 13
github.com/mlange-42/ark/ecs/query_gen.go:513.40,517.43 3 18
github.com/mlange-42/ark/ecs/query_gen.go:517.43,518.12 1 11
github.com/mlange-42/ark/ecs/query_gen.go:521.3,521.32 1 7
github.com/mlange-42/ark/ecs/query_gen.go:521.32,523.23 2 4
github.com/mlange-42/ark/ecs/query_gen.go:523.23,526.5 2 4
github.com/mlange-42/ark/ecs/query_gen.go:527.4,527.12 1 0
github.com/mlange-42/ark/ecs/query_gen.go:530.3,532.20 3 3
github.com/mlange-42/ark/ecs/query_gen.go:532.20,534.4 1 3
github.com/mlange-42/ark/ecs/query_gen.go:536.2,536.29 1 6
github.com/mlange-42/ark/ecs/query_gen.go:536.29,537.70 1 0
github.com/mlange-42/ark/ecs/query_gen.go:539.2,540.14 2 6
github.com/mlange-42/ark/ecs/query_gen.go:543.44,545.37 2 14
github.com/mlange-42/ark/ecs/query_gen.go:545.37,548.23 3 8
github.com/mlange-42/ark/ecs/query_gen.go:548.23,549.12 1 0
github.com/mlange-42/ark/ecs/query_gen.go:551.3,551.34 1 8
github.com/mlange-42/ark/ecs/query_gen.go:551.34,552.12 1 1
github.com/mlange-42/ark/ecs/query_gen.go:554.3,555.14 2 7
github.com/mlange-42/ark/ecs/query_gen.go:557.2,557.14 1 7
github.com/mlange-42/ark/ecs/query_gen.go:560.61,568.2 7 11
github.com/mlange-42/ark/ecs/query_gen.go:589.136,591.19 2 3
github.com/mlange-42/ark/ecs/query_gen.go:591.19,593.3 1 12
github.com/mlange-42/ark/ecs/query_gen.go:595.2,609.3 1 3
github.com/mlange-42/ark/ecs/query_gen.go:613.42,615.47 2 43
github.com/mlange-42/ark/ecs/query_gen.go:615.47,618.3 2 36
github.com/mlange-42/ark/ecs/query_gen.go:619.2,619.33 1 7
github.com/mlange-42/ark/ecs/query_gen.go:623.46,626.2 2 40
github.com/mlange-42/ark/ecs/query_gen.go:629.53,635.2 2 40
github.com/mlange-42/ark/ecs/query_gen.go:641.38,651.2 9 3
github.com/mlange-42/ark/ecs/query_gen.go:653.58,654.46 1 7
github.com/mlange-42/ark/ecs/query_gen.go:654.46,656.3 1 0
github.com/mlange-42/ark/ecs/query_gen.go:657.2,657.26 1 7
github.com/mlange-42/ark/ecs/query_gen.go:660.51,662.40 2 7
github.com/mlange-42/ark/ecs/query_gen.go:662.40,666.43 3 12
github.com/mlange-42/ark/ecs/query_gen.go:666.43,667.12 1 8
github.com/mlange-42/ark/ecs/query_gen.go:670.3,670.32 1 4
github.com/mlange-42/ark/ecs/query_gen.go:670.32,672.23 2 4
github.com/mlange-42/ark/ecs/query_gen.go:672.23,675.5 2 4
github.com/mlange-42/ark/ecs/query_gen.go:676.4,676.12 1 0
github.com/mlange-42/ark/ecs/query_gen.go:679.3,681.20 3 0
github.com/mlange-42/ark/ecs/query_gen.go:681.20,683.4 1 0
github.com/mlange-42/ark/ecs/query_gen.go:685.2,685.29 1 3
github.com/mlange-42/ark/ecs/query_gen.go:685.29,686.70 1 0
github.com/mlange-42/ark/ecs/query_gen.go:688.2,689.14 2 3
github.com/mlange-42/ark/ecs/query_gen.go:692.47,694.37 2 4
github.com/mlange-42/ark/ecs/query_gen.go:694.37,697.23 3 0
github.com/mlange-42/ark/ecs/query_gen.go:697.23,698.12 1 0
github.com/mlange-42/ark/ecs/query_gen.go:700.3,700.34 1 0
github.com/mlange-42/ark/ecs/query_gen.go:700.34,701.12 1 0
github.com/mlange-42/ark/ecs/query_gen.go:703.3,704.14 2 0
github.com/mlange-42/ark/ecs/query_gen.go:706.2,706.14 1 4
github.com/mlange-42/ark/ecs/query_gen.go:709.64,718.2 8 4
github.com/mlange-42/ark/ecs/query_gen.go:740.146,742.19 2 3
github.com/mlange-42/ark/ecs/query_gen.go:742.19,744.3 1 15
github.com/mlange-42/ark/ecs/query_gen.go:746.2,760.3 1 3
github.com/mlange-42/ark/ecs/query_gen.go:764.45,766.47 2 43
github.com/mlange-42/ark/ecs/query_gen.go:766.47,769.3 2 36
github.com/mlange-42/ark/ecs/query_gen.go:770.2,770.33 1 7
github.com/mlange-42/ark/ecs/query_gen.go:774.49,777.2 2 40
github.com/mlange-42/ark/ecs/query_gen.go:780.60,787.2 2 40
github.com/mlange-42/ark/ecs/query_gen.go:793.41,804.2 10 3
github.com/mlange-42/ark/ecs/query_gen.go:806.61,807.46 1 7
github.com/mlange-42/ark/ecs/query_gen.go:807.46,809.3 1 0
github.com/mlange-42/ark/ecs/query_gen.go:810.2,810.26 1 7
github.com/mlange-42/ark/ecs/query_gen.go:813.54,815.40 2 7
github.com/mlange-42/ark/ecs/query_gen.go:815.40,819.43 3 12
github.com/mlange-42/ark/ecs/query_gen.go:819.43,820.12 1 8
github.com/mlange-42/ark/ecs/query_gen.go:823.3,823.32 1 4
github.com/mlange-42/ark/ecs/query_gen.go:823.32,825.23 2 4
github.com/mlange-42/ark/ecs/query_gen.go:825.23,828.5 2 4
github.com/mlange-42/ark/ecs/query_gen.go:829.4,829.12 1 0
github.com/mlange-42/ark/ecs/query_gen.go:832.3,834.20 3 0
github.com/mlange-42/ark/ecs/query_gen.go:834.20,836.4 1 0
github.com/mlange-42/ark/ecs/query_gen.go:838.2,838.29 1 3
github.com/mlange-42/ark/ecs/query_gen.go:838.29,839.70 1 0
github.com/mlange-42/ark/ecs/query_gen.go:841.2,842.14 2 3
github.com/mlange-42/ark/ecs/query_gen.go:845.50,847.37 2 4
github.com/mlange-42/ark/ecs/query_gen.go:847.37,850.23 3 0
github.com/mlange-42/ark/ecs/query_gen.go:850.23,851.12 1 0
github.com/mlange-42/ark/ecs/query_gen.go:853.3,853.34 1 0
github.com/mlange-42/ark/ecs/query_gen.go:853.34,854.12 1 0
github.com/mlange-42/ark/ecs/query_gen.go:856.3,857.14 2 0
github.com/mlange-42/ark/ecs/query_gen.go:859.2,859.14 1 4
github.com/mlange-42/ark/ecs/query_gen.go:862.67,872.2 9 4
github.com/mlange-42/ark/ecs/query_gen.go:895.156,897.19 2 3
github.com/mlange-42/ark/ecs/query_gen.go:897.19,899.3 1 18
github.com/mlange-42/ark/ecs/query_gen.go:901.2,915.3 1 3
github.com/mlange-42/ark/ecs/query_gen.go:919.48,921.47 2 43
github.com/mlange-42/ark/ecs/query_gen.go:921.47,924.3 2 36
github.com/mlange-42/ark/ecs/query_gen.go:925.2,925.33 1 7
github.com/mlange-42/ark/ecs/query_gen.go:929.52,932.2 2 40
github.com/mlange-42/ark/ecs/query_gen.go:935.67,943.2 2 40
github.com/mlange-42/ark/ecs/query_gen.go:949.44,961.2 11 3
github.com/mlange-42/ark/ecs/query_gen.go:963.64,964.46 1 7
github.com/mlange-42/ark/ecs/query_gen.go:964.46,966.3 1 0
github.com/mlange-42/ark/ecs/query_gen.go:967.2,967.26 1 7
github.com/mlange-42/ark/ecs/query_gen.go:970.57,972.40 2 7
github.com/mlange-42/ark/ecs/query_gen.go:972.40,976.43 3 12
github.com/mlange-42/ark/ecs/query_gen.go:976.43,977.12 1 8
github.com/mlange-42/ark/ecs/query_gen.go:980.3,980.32 1 4
github.com/mlange-42/ark/ecs/query_gen.go:980.32,982.23 2 4
github.com/mlange-42/ark/ecs/query_gen.go:982.23,985.5 2 4
github.com/mlange-42/ark/ecs/query_gen.go:986.4,986.12 1 0
github.com/mlange-42/ark/ecs/query_gen.go:989.3,991.20 3 0
github.com/mlange-42/ark/ecs/query_gen.go:991.20,993.4 1 0
github.com/mlange-42/ark/ecs/query_gen.go:995.2,995.29 1 3
github.com/mlange-42/ark/ecs/query_gen.go:995.29,996.70 1 0
github.com/mlange-42/ark/ecs/query_gen.go:998.2,999.14 2 3
github.com/mlange-42/ark/ecs/query_gen.go:1002.53,1004.37 2 4
github.com/mlange-42/ark/ecs/query_gen.go:1004.37,1007.23 3 0
github.com/mlange-42/ark/ecs/query_gen.go:1007.23,1008.12 1 0
github.com/mlange-42/ark/ecs/query_gen.go:1010.3,1010.34 1 0
github.com/mlange-42/ark/ecs/query_gen.go:1010.34,1011.12 1 0
github.com/mlange-42/ark/ecs/query_gen.go:1013.3,1014.14 2 0
github.com/mlange-42/ark/ecs/query_gen.go:1016.2,1016.14 1 4
github.com/mlange-42/ark/ecs/query_gen.go:1019.70,1030.2 10 4
github.com/mlange-42/ark/ecs/query_gen.go:1054.166,1056.19 2 3
github.com/mlange-42/ark/ecs/query_gen.go:1056.19,1058.3 1 21
github.com/mlange-42/ark/ecs/query_gen.go:1060.2,1074.3 1 3
github.com/mlange-42/ark/ecs/query_gen.go:1078.51,1080.47 2 43
github.com/mlange-42/ark/ecs/query_gen.go:1080.47,1083.3 2 36
github.com/mlange-42/ark/ecs/query_gen.go:1084.2,1084.33 1 7
github.com/mlange-42/ark/ecs/query_gen.go:1088.55,1091.2 2 40
github.com/mlange-42/ark/ecs/query_gen.go:1094.74,1103.2 2 40
github.com/mlange-42/ark/ecs/query_gen.go:1109.47,1122.2 12 3
github.com/mlange-42/ark/ecs/query_gen.go:1124.67,1125.46 1 7
github.com/mlange-42/ark/ecs/query_gen.go:1125.46,1127.3 1 0
github.com/mlange-42/ark/ecs/query_gen.go:1128.2,1128.26 1 7
github.com/mlange-42/ark/ecs/query_gen.go:1131.60,1133.40 2 7
github.com/mlange-42/ark/ecs/query_gen.go:1133.40,1137.43 3 12
github.com/mlange-42/ark/ecs/query_gen.go:1137.43,1138.12 1 8
github.com/mlange-42/ark/ecs/query_gen.go:1141.3,1141.32 1 4
github.com/mlange-42/ark/ecs/query_gen.go:1141.32,1143.23 2 4
github.com/mlange-42/ark/ecs/query_gen.go:1143.23,1146.5 2 4
github.com/mlange-42/ark/ecs/query_gen.go:1147.4,1147.12 1 0
github.com/mlange-42/ark/ecs/query_gen.go:1150.3,1152.20 3 0
github.com/mlange-42/ark/ecs/query_gen.go:1152.20,1154.4 1 0
github.com/mlange-42/ark/ecs/query_gen.go:1156.2,1156.29 1 3
github.com/mlange-42/ark/ecs/query_gen.go:1156.29,1157.70 1 0
github.com/mlange-42/ark/ecs/query_gen.go:1159.2,1160.14 2 3
github.com/mlange-42/ark/ecs/query_gen.go:1163.56,1165.37 2 4
github.com/mlange-42/ark/ecs/query_gen.go:1165.37,1168.23 3 0
github.com/mlange-42/ark/ecs/query_gen.go:1168.23,1169.12 1 0
github.com/mlange-42/ark/ecs/query_gen.go:1171.3,1171.34 1 0
github.com/mlange-42/ark/ecs/query_gen.go:1171.34,1172.12 1 0
github.com/mlange-42/ark/ecs/query_gen.go:1174.3,1175.14 2 0
github.com/mlange-42/ark/ecs/query_gen.go:1177.2,1177.14 1 4
github.com/mlange-42/ark/ecs/query_gen.go:1180.73,1192.2 11 4
github.com/mlange-42/ark/ecs/query_gen.go:1217.176,1219.19 2 3
github.com/mlange-42/ark/ecs/query_gen.go:1219.19,1221.3 1 24
github.com/mlange-42/ark/ecs/query_gen.go:1223.2,1237.3 1 3
github.com/mlange-42/ark/ecs/query_gen.go:1241.54,1243.47 2 43
github.com/mlange-42/ark/ecs/query_gen.go:1243.47,1246.3 2 36
github.com/mlange-42/ark/ecs/query_gen.go:1247.2,1247.33 1 7
github.com/mlange-42/ark/ecs/query_gen.go:1251.58,1254.2 2 40
github.com/mlange-42/ark/ecs/query_gen.go:1257.81,1267.2 2 40
github.com/mlange-42/ark/ecs/query_gen.go:1273.50,1287.2 13 3
github.com/mlange-42/ark/ecs/query_gen.go:1289.70,1290.46 1 7
github.com/mlange-42/ark/ecs/query_gen.go:1290.46,1292.3 1 0
github.com/mlange-42/ark/ecs/query_gen.go:1293.2,1293.26 1 7
github.com/mlange-42/ark/ecs/query_gen.go:1296.63,1298.40 2 7
github.com/mlange-42/ark/ecs/query_gen.go:1298.40,1302.43 3 12
github.com/mlange-42/ark/ecs/query_gen.go:1302.43,1303.12 1 8
github.com/mlange-42/ark/ecs/query_gen.go:1306.3,1306.32 1 4
github.com/mlange-42/ark/ecs/query_gen.go:1306.32,1308.23 2 4
github.com/mlange-42/ark/ecs/query_gen.go:1308.23,1311.5 2 4
github.com/mlange-42/ark/ecs/query_gen.go:1312.4,1312.12 1 0
github.com/mlange-42/ark/ecs/query_gen.go:1315.3,1317.20 3 0
github.com/mlange-42/ark/ecs/query_gen.go:1317.20,1319.4 1 0
github.com/mlange-42/ark/ecs/query_gen.go:1321.2,1321.29 1 3
github.com/mlange-42/ark/ecs/query_gen.go:1321.29,1322.70 1 0
github.com/mlange-42/ark/ecs/query_gen.go:1324.2,1325.14 2 3
github.com/mlange-42/ark/ecs/query_gen.go:1328.59,1330.37 2 4
github.com/mlange-42/ark/ecs/query_gen.go:1330.37,1333.23 3 0
github.com/mlange-42/ark/ecs/query_gen.go:1333.23,1334.12 1 0
github.com/mlange-42/ark/ecs/query_gen.go:1336.3,1336.34 1 0
github.com/mlange-42/ark/ecs/query_gen.go:1336.34,1337.12 1 0
github.com/mlange-42/ark/ecs/query_gen.go:1339.3,1340.14 2 0
github.com/mlange-42/ark/ecs/query_gen.go:1342.2,1342.14 1 4
github.com/mlange-42/ark/ecs/query_gen.go:1345.76,1358.2 12 4
github.com/mlange-42/ark/ecs/registry.go:17.29,24.2 1 68
github.com/mlange-42/ark/ecs/registry.go:28.63,29.36 1 7
github.com/mlange-42/ark/ecs/registry.go:29.36,31.3 1 0
github.com/mlange-42/ark/ecs/registry.go:32.2,32.53 1 7
github.com/mlange-42/ark/ecs/registry.go:36.65,38.2 1 0
github.com/mlange-42/ark/ecs/registry.go:41.32,43.2 1 53
github.com/mlange-42/ark/ecs/registry.go:46.28,47.30 1 0
github.com/mlange-42/ark/ecs/registry.go:47.30,49.3 1 0
github.com/mlange-42/ark/ecs/registry.go:50.2,50.25 1 0
github.com/mlange-42/ark/ecs/registry.go:50.25,52.3 1 0
github.com/mlange-42/ark/ecs/registry.go:53.2,54.19 2 0
github.com/mlange-42/ark/ecs/registry.go:58.76,60.22 2 98
github.com/mlange-42/ark/ecs/registry.go:60.22,61.96 1 0
github.com/mlange-42/ark/ecs/registry.go:63.2,68.14 6 98
github.com/mlange-42/ark/ecs/registry.go:71.46,79.2 7 0
github.com/mlange-42/ark/ecs/registry.go:90.47,95.2 1 33
github.com/mlange-42/ark/ecs/registry.go:99.72,100.36 1 1249
github.com/mlange-42/ark/ecs/registry.go:100.36,102.3 1 1158
github.com/mlange-42/ark/ecs/registry.go:103.2,103.53 1 91
github.com/mlange-42/ark/ecs/registry.go:107.37,110.2 2 0
github.com/mlange-42/ark/ecs/registry.go:113.85,115.22 2 91
github.com/mlange-42/ark/ecs/registry.go:115.22,117.3 1 5
github.com/mlange-42/ark/ecs/registry.go:118.2,118.14 1 91
github.com/mlange-42/ark/ecs/registry.go:121.55,125.2 3 0
github.com/mlange-42/ark/ecs/registry.go:128.62,129.55 1 91
github.com/mlange-42/ark/ecs/registry.go:129.55,131.3 1 1
github.com/mlange-42/ark/ecs/registry.go:132.2,133.72 2 90
github.com/mlange-42/ark/ecs/relation.go:32.50,37.2 1 119
github.com/mlange-42/ark/ecs/relation.go:41.97,43.24 2 1535
github.com/mlange-42/ark/ecs/relation.go:43.24,45.29 2 119
github.com/mlange-42/ark/ecs/relation.go:45.29,46.86 1 0
github.com/mlange-42/ark/ecs/relation.go:48.3,51.5 1 119
github.com/mlange-42/ark/ecs/relation.go:53.2,53.12 1 1535
github.com/mlange-42/ark/ecs/relation.go:58.76,60.24 2 497324
github.com/mlange-42/ark/ecs/relation.go:60.24,65.3 1 2
github.com/mlange-42/ark/ecs/relation.go:66.2,66.12 1 497324
github.com/mlange-42/ark/ecs/resource.go:15.47,20.2 1 2
github.com/mlange-42/ark/ecs/resource.go:25.35,27.2 1 2
github.com/mlange-42/ark/ecs/resource.go:34.32,36.2 1 1
github.com/mlange-42/ark/ecs/resource.go:41.32,43.2 1 2
github.com/mlange-42/ark/ecs/resource.go:46.34,48.2 1 3
github.com/mlange-42/ark/ecs/resources.go:17.31,22.2 1 35
github.com/mlange-42/ark/ecs/resources.go:30.44,31.31 1 10
github.com/mlange-42/ark/ecs/resources.go:31.31,32.98 1 1
github.com/mlange-42/ark/ecs/resources.go:34.2,34.26 1 9
github.com/mlange-42/ark/ecs/resources.go:42.38,43.31 1 4
github.com/mlange-42/ark/ecs/resources.go:43.31,44.64 1 1
github.com/mlange-42/ark/ecs/resources.go:46.2,46.26 1 3
github.com/mlange-42/ark/ecs/resources.go:54.47,56.2 1 10
github.com/mlange-42/ark/ecs/resources.go:61.40,63.2 1 10
github.com/mlange-42/ark/ecs/resources.go:66.29,67.29 1 1
github.com/mlange-42/ark/ecs/resources.go:67.29,69.3 1 256
github.com/mlange-42/ark/ecs/storage.go:22.42,27.34 4 33
github.com/mlange-42/ark/ecs/storage.go:27.34,29.3 1 66
github.com/mlange-42/ark/ecs/storage.go:31.2,44.3 5 33
github.com/mlange-42/ark/ecs/storage.go:47.97,50.30 2 497917
github.com/mlange-42/ark/ecs/storage.go:50.30,51.40 1 996061
github.com/mlange-42/ark/ecs/storage.go:51.40,53.9 2 497866
github.com/mlange-42/ark/ecs/storage.go:56.2,56.17 1 497917
github.com/mlange-42/ark/ecs/storage.go:56.17,58.3 1 51
github.com/mlange-42/ark/ecs/storage.go:59.2,61.9 3 497917
github.com/mlange-42/ark/ecs/storage.go:61.9,63.3 1 55
github.com/mlange-42/ark/ecs/storage.go:64.2,64.14 1 497917
github.com/mlange-42/ark/ecs/storage.go:67.42,68.34 1 91
github.com/mlange-42/ark/ecs/storage.go:68.34,69.66 1 0
github.com/mlange-42/ark/ecs/storage.go:71.2,71.96 1 91
github.com/mlange-42/ark/ecs/storage.go:75.47,76.33 1 497150
github.com/mlange-42/ark/ecs/storage.go:76.33,77.38 1 0
github.com/mlange-42/ark/ecs/storage.go:79.2,86.13 5 497150
github.com/mlange-42/ark/ecs/storage.go:86.13,89.3 2 496057
github.com/mlange-42/ark/ecs/storage.go:90.2,92.27 2 497150
github.com/mlange-42/ark/ecs/storage.go:92.27,95.3 2 1
github.com/mlange-42/ark/ecs/storage.go:98.62,99.33 1 99
github.com/mlange-42/ark/ecs/storage.go:99.33,100.48 1 0
github.com/mlange-42/ark/ecs/storage.go:102.2,102.64 1 99
github.com/mlange-42/ark/ecs/storage.go:105.59,106.32 1 497950
github.com/mlange-42/ark/ecs/storage.go:106.32,108.3 1 150
github.com/mlange-42/ark/ecs/storage.go:111.64,116.27 4 497725
github.com/mlange-42/ark/ecs/storage.go:116.27,119.3 2 3803
github.com/mlange-42/ark/ecs/storage.go:119.8,121.3 1 493922
github.com/mlange-42/ark/ecs/storage.go:122.2,122.20 1 497725
github.com/mlange-42/ark/ecs/storage.go:125.59,130.23 4 2
github.com/mlange-42/ark/ecs/storage.go:130.23,135.28 4 48
github.com/mlange-42/ark/ecs/storage.go:135.28,139.4 3 48
github.com/mlange-42/ark/ecs/storage.go:139.9,141.4 1 0
github.com/mlange-42/ark/ecs/storage.go:145.58,150.30 5 51
github.com/mlange-42/ark/ecs/storage.go:150.30,152.3 1 5
github.com/mlange-42/ark/ecs/storage.go:153.2,153.18 1 51
github.com/mlange-42/ark/ecs/storage.go:156.84,159.32 3 58
github.com/mlange-42/ark/ecs/storage.go:159.32,163.3 3 18
github.com/mlange-42/ark/ecs/storage.go:164.2,164.44 1 58
github.com/mlange-42/ark/ecs/storage.go:164.44,165.45 1 0
github.com/mlange-42/ark/ecs/storage.go:168.2,169.44 2 58
github.com/mlange-42/ark/ecs/storage.go:169.44,172.3 2 1
github.com/mlange-42/ark/ecs/storage.go:172.8,178.3 2 57
github.com/mlange-42/ark/ecs/storage.go:179.2,182.30 3 58
github.com/mlange-42/ark/ecs/storage.go:182.30,185.29 3 236
github.com/mlange-42/ark/ecs/storage.go:185.29,187.4 1 175
github.com/mlange-42/ark/ecs/storage.go:187.9,189.4 1 61
github.com/mlange-42/ark/ecs/storage.go:191.2,191.14 1 58
github.com/mlange-42/ark/ecs/storage.go:194.67,195.27 1 274
github.com/mlange-42/ark/ecs/storage.go:195.27,196.22 1 108
github.com/mlange-42/ark/ecs/storage.go:196.22,197.110 1 0
github.com/mlange-42/ark/ecs/storage.go:199.3,199.24 1 108
github.com/mlange-42/ark/ecs/storage.go:201.2,201.27 1 274
github.com/mlange-42/ark/ecs/storage.go:201.27,202.21 1 204
github.com/mlange-42/ark/ecs/storage.go:202.21,203.103 1 0
github.com/mlange-42/ark/ecs/storage.go:205.3,205.23 1 204
github.com/mlange-42/ark/ecs/storage.go:210.52,212.44 2 1
github.com/mlange-42/ark/ecs/storage.go:212.44,214.38 2 1
github.com/mlange-42/ark/ecs/storage.go:214.38,218.42 3 2
github.com/mlange-42/ark/ecs/storage.go:218.42,219.35 1 2
github.com/mlange-42/ark/ecs/storage.go:219.35,222.6 2 1
github.com/mlange-42/ark/ecs/storage.go:224.4,224.20 1 2
github.com/mlange-42/ark/ecs/storage.go:224.20,225.13 1 1
github.com/mlange-42/ark/ecs/storage.go:228.4,230.11 3 1
github.com/mlange-42/ark/ecs/storage.go:230.11,232.5 1 1
github.com/mlange-42/ark/ecs/storage.go:233.4,236.35 3 1
github.com/mlange-42/ark/ecs/storage.go:238.3,238.33 1 1
github.com/mlange-42/ark/ecs/storage.go:243.49,249.35 5 1
github.com/mlange-42/ark/ecs/storage.go:249.35,252.3 2 32
github.com/mlange-42/ark/ecs/storage.go:253.2,253.13 1 1
github.com/mlange-42/ark/ecs/storage.go:256.101,258.32 2 1
github.com/mlange-42/ark/ecs/storage.go:258.32,260.35 2 1
github.com/mlange-42/ark/ecs/storage.go:260.35,261.12 1 0
github.com/mlange-42/ark/ecs/storage.go:263.3,263.30 1 1
github.com/mlange-42/ark/ecs/storage.go:266.2,267.28 2 1
github.com/mlange-42/ark/ecs/storage.go:267.28,268.30 1 2
github.com/mlange-42/ark/ecs/storage.go:268.30,269.12 1 1
github.com/mlange-42/ark/ecs/storage.go:271.3,272.64 2 1
github.com/mlange-42/ark/ecs/storage.go:275.2,275.15 1 1
github.com/mlange-42/ark/ecs/storage.go:278.100,281.32 3 33
github.com/mlange-42/ark/ecs/storage.go:281.32,282.62 1 33
github.com/mlange-42/ark/ecs/storage.go:282.62,283.55 1 0
github.com/mlange-42/ark/ecs/storage.go:285.3,286.34 2 33
github.com/mlange-42/ark/ecs/storage.go:286.34,287.84 1 0
github.com/mlange-42/ark/ecs/storage.go:289.3,289.35 1 33
github.com/mlange-42/ark/ecs/storage.go:289.35,290.12 1 0
github.com/mlange-42/ark/ecs/storage.go:292.3,293.17 2 33
github.com/mlange-42/ark/ecs/storage.go:295.2,295.14 1 33
github.com/mlange-42/ark/ecs/storage.go:295.14,297.3 1 0
github.com/mlange-42/ark/ecs/storage.go:299.2,300.28 2 33
github.com/mlange-42/ark/ecs/storage.go:300.28,301.30 1 66
github.com/mlange-42/ark/ecs/storage.go:301.30,302.12 1 32
github.com/mlange-42/ark/ecs/storage.go:304.3,305.64 2 34
github.com/mlange-42/ark/ecs/storage.go:308.2,308.21 1 33
github.com/mlange-42/ark/ecs/table.go:30.104,36.25 4 91
github.com/mlange-42/ark/ecs/table.go:36.25,38.36 2 175
github.com/mlange-42/ark/ecs/table.go:38.36,40.4 1 54
github.com/mlange-42/ark/ecs/table.go:42.2,44.17 3 91
github.com/mlange-42/ark/ecs/table.go:44.17,47.3 2 91
github.com/mlange-42/ark/ecs/table.go:49.2,61.3 1 91
github.com/mlange-42/ark/ecs/table.go:64.69,67.2 2 1
github.com/mlange-42/ark/ecs/table.go:69.43,72.27 2 498032
github.com/mlange-42/ark/ecs/table.go:72.27,74.3 1 499737
github.com/mlange-42/ark/ecs/table.go:75.2,75.12 1 498032
github.com/mlange-42/ark/ecs/table.go:78.65,80.2 1 754
github.com/mlange-42/ark/ecs/table.go:82.40,84.2 1 6
github.com/mlange-42/ark/ecs/table.go:86.49,88.2 1 2438881
github.com/mlange-42/ark/ecs/table.go:90.50,92.2 1 99
github.com/mlange-42/ark/ecs/table.go:94.49,96.2 1 175
github.com/mlange-42/ark/ecs/table.go:98.51,100.2 1 0
github.com/mlange-42/ark/ecs/table.go:102.70,104.2 1 499780
github.com/mlange-42/ark/ecs/table.go:106.56,108.2 1 48
github.com/mlange-42/ark/ecs/table.go:111.33,113.27 2 2
github.com/mlange-42/ark/ecs/table.go:113.27,115.3 1 4
github.com/mlange-42/ark/ecs/table.go:118.43,120.27 2 497457
github.com/mlange-42/ark/ecs/table.go:120.27,122.3 1 498108
github.com/mlange-42/ark/ecs/table.go:123.2,123.16 1 497457
github.com/mlange-42/ark/ecs/table.go:126.25,128.27 2 1
github.com/mlange-42/ark/ecs/table.go:128.27,130.3 1 2
github.com/mlange-42/ark/ecs/table.go:133.38,135.27 2 1
github.com/mlange-42/ark/ecs/table.go:135.27,137.3 1 2
github.com/mlange-42/ark/ecs/table.go:140.59,141.42 1 120
github.com/mlange-42/ark/ecs/table.go:141.42,142.52 1 0
github.com/mlange-42/ark/ecs/table.go:144.2,144.32 1 120
github.com/mlange-42/ark/ecs/table.go:144.32,146.27 2 178
github.com/mlange-42/ark/ecs/table.go:146.27,147.84 1 0
github.com/mlange-42/ark/ecs/table.go:152.3,152.39 1 178
github.com/mlange-42/ark/ecs/table.go:152.39,154.4 1 21
github.com/mlange-42/ark/ecs/table.go:156.2,156.13 1 99
github.com/mlange-42/ark/ecs/table.go:159.54,160.25 1 9
github.com/mlange-42/ark/ecs/table.go:160.25,162.3 1 4
github.com/mlange-42/ark/ecs/table.go:163.2,163.32 1 5
github.com/mlange-42/ark/ecs/table.go:163.32,164.29 1 7
github.com/mlange-42/ark/ecs/table.go:164.29,165.12 1 0
github.com/mlange-42/ark/ecs/table.go:167.3,167.64 1 7
github.com/mlange-42/ark/ecs/table.go:167.64,169.4 1 1
github.com/mlange-42/ark/ecs/table.go:171.2,171.13 1 4
github.com/mlange-42/ark/ecs/table.go:174.27,176.2 1 1062
github.com/mlange-42/ark/ecs/types.go:9.20,11.2 1 1194
github.com/mlange-42/ark/ecs/types.go:13.23,15.2 1 3134
github.com/mlange-42/ark/ecs/util.go:10.57,14.2 3 2488046
github.com/mlange-42/ark/ecs/util.go:16.35,18.2 1 15
github.com/mlange-42/ark/ecs/util.go:20.38,23.2 2 271
github.com/mlange-42/ark/ecs/util.go:26.47,31.2 4 497917
github.com/mlange-42/ark/ecs/world.go:11.45,17.2 1 33
github.com/mlange-42/ark/ecs/world.go:20.36,25.2 3 84
github.com/mlange-42/ark/ecs/world.go:28.43,30.2 1 498109
github.com/mlange-42/ark/ecs/world.go:33.45,36.2 2 497150
github.com/mlange-42/ark/ecs/world.go:39.33,41.2 1 995275
github.com/mlange-42/ark/ecs/world.go:46.40,48.2 1 12
github.com/mlange-42/ark/ecs/world_internal.go:8.96,15.18 5 497641
github.com/mlange-42/ark/ecs/world_internal.go:15.18,16.29 1 497641
github.com/mlange-42/ark/ecs/world_internal.go:16.29,17.62 1 0
github.com/mlange-42/ark/ecs/world_internal.go:19.3,19.26 1 497641
github.com/mlange-42/ark/ecs/world_internal.go:19.26,21.4 1 498781
github.com/mlange-42/ark/ecs/world_internal.go:23.2,24.15 2 497641
github.com/mlange-42/ark/ecs/world_internal.go:27.102,36.18 6 1
github.com/mlange-42/ark/ecs/world_internal.go:36.18,37.29 1 1
github.com/mlange-42/ark/ecs/world_internal.go:37.29,38.62 1 0
github.com/mlange-42/ark/ecs/world_internal.go:40.3,40.24 1 1
github.com/mlange-42/ark/ecs/world_internal.go:40.24,41.27 1 24
github.com/mlange-42/ark/ecs/world_internal.go:41.27,43.5 1 48
github.com/mlange-42/ark/ecs/world_internal.go:46.2,46.38 1 1
github.com/mlange-42/ark/ecs/world_internal.go:49.89,60.2 7 1
github.com/mlange-42/ark/ecs/world_internal.go:62.65,63.41 1 2
github.com/mlange-42/ark/ecs/world_internal.go:63.41,64.48 1 0
github.com/mlange-42/ark/ecs/world_internal.go:66.2,67.73 2 2
github.com/mlange-42/ark/ecs/world_internal.go:70.55,71.41 1 6
github.com/mlange-42/ark/ecs/world_internal.go:71.41,72.48 1 0
github.com/mlange-42/ark/ecs/world_internal.go:74.2,75.53 2 6
github.com/mlange-42/ark/ecs/world_internal.go:78.112,81.22 2 274
github.com/mlange-42/ark/ecs/world_internal.go:81.22,82.54 1 0
github.com/mlange-42/ark/ecs/world_internal.go:84.2,84.36 1 274
github.com/mlange-42/ark/ecs/world_internal.go:84.36,86.3 1 0
github.com/mlange-42/ark/ecs/world_internal.go:88.2,100.28 9 274
github.com/mlange-42/ark/ecs/world_internal.go:100.28,101.19 1 794
github.com/mlange-42/ark/ecs/world_internal.go:101.19,104.4 2 686
github.com/mlange-42/ark/ecs/world_internal.go:106.2,106.21 1 274
github.com/mlange-42/ark/ecs/world_internal.go:106.21,107.32 1 177
github.com/mlange-42/ark/ecs/world_internal.go:107.32,108.62 1 0
github.com/mlange-42/ark/ecs/world_internal.go:110.3,110.26 1 177
github.com/mlange-42/ark/ecs/world_internal.go:110.26,112.4 1 199
github.com/mlange-42/ark/ecs/world_internal.go:115.2,117.13 2 274
github.com/mlange-42/ark/ecs/world_internal.go:117.13,120.3 2 8
github.com/mlange-42/ark/ecs/world_internal.go:121.2,123.38 2 274
github.com/mlange-42/ark/ecs/world_internal.go:127.69,130.41 2 33
github.com/mlange-42/ark/ecs/world_internal.go:130.41,131.48 1 0
github.com/mlange-42/ark/ecs/world_internal.go:134.2,138.14 4 33
github.com/mlange-42/ark/ecs/world_internal.go:138.14,140.3 1 0
github.com/mlange-42/ark/ecs/world_internal.go:142.2,144.9 3 33
github.com/mlange-42/ark/ecs/world_internal.go:144.9,146.3 1 2
github.com/mlange-42/ark/ecs/world_internal.go:147.2,149.40 2 33
github.com/mlange-42/ark/ecs/world_internal.go:149.40,152.3 2 66
github.com/mlange-42/ark/ecs/world_internal.go:154.2,156.13 2 33
github.com/mlange-42/ark/ecs/world_internal.go:156.13,159.3 2 16
github.com/mlange-42/ark/ecs/world_internal.go:160.2,162.38 2 33
github.com/mlange-42/ark/ecs/world_internal.go:165.49,167.11 2 1249
github.com/mlange-42/ark/ecs/world_internal.go:167.11,168.19 1 91
github.com/mlange-42/ark/ecs/world_internal.go:168.19,170.66 2 0
github.com/mlange-42/ark/ecs/world_internal.go:172.3,172.29 1 91
github.com/mlange-42/ark/ecs/world_internal.go:174.2,174.19 1 1249
github.com/mlange-42/ark/ecs/world_internal.go:177.51,180.2 2 3
github.com/mlange-42/ark/ecs/world_internal.go:183.30,185.2 1 1039
github.com/mlange-42/ark/ecs/world_internal.go:188.33,190.2 1 1039
github.com/mlange-42/ark/ecs/world_internal.go:193.31,194.18 1 995184
github.com/mlange-42/ark/ecs/world_internal.go:194.18,195.44 1 0
